<?xml version="1.0" encoding="UTF-8"?>
<coverage generated="1697899617777" clover="3.2.0">
  <project timestamp="1697899617778" name="All files">
    <metrics statements="57" coveredstatements="39" conditionals="52" coveredconditionals="28" methods="7" coveredmethods="7" elements="116" coveredelements="74" complexity="0" loc="57" ncloc="57" packages="1" files="5" classes="5"/>
    <file name="validacaoCPF.js" path="C:\Users\mmath\OneDrive\Documentos\projetoErnest\src\businessRoles\validacaoCPF.js">
      <metrics statements="11" coveredstatements="10" conditionals="10" coveredconditionals="7" methods="2" coveredmethods="2"/>
      <line num="3" count="1" type="stmt"/>
      <line num="6" count="1" type="cond" truecount="3" falsecount="1"/>
      <line num="7" count="0" type="stmt"/>
      <line num="11" count="1" type="stmt"/>
      <line num="12" count="1" type="stmt"/>
      <line num="14" count="1" type="cond" truecount="1" falsecount="1"/>
      <line num="18" count="2" type="stmt"/>
      <line num="20" count="2" type="stmt"/>
      <line num="21" count="19" type="stmt"/>
      <line num="24" count="2" type="stmt"/>
      <line num="25" count="2" type="cond" truecount="3" falsecount="1"/>
    </file>
    <file name="validacaoEmail.js" path="C:\Users\mmath\OneDrive\Documentos\projetoErnest\src\businessRoles\validacaoEmail.js">
      <metrics statements="15" coveredstatements="10" conditionals="10" coveredconditionals="5" methods="2" coveredmethods="2"/>
      <line num="1" count="1" type="stmt"/>
      <line num="4" count="1" type="cond" truecount="1" falsecount="1"/>
      <line num="5" count="0" type="stmt"/>
      <line num="7" count="1" type="cond" truecount="1" falsecount="1"/>
      <line num="8" count="0" type="stmt"/>
      <line num="10" count="1" type="stmt"/>
      <line num="11" count="1" type="cond" truecount="1" falsecount="1"/>
      <line num="12" count="0" type="stmt"/>
      <line num="15" count="1" type="stmt"/>
      <line num="16" count="1" type="cond" truecount="1" falsecount="1"/>
      <line num="17" count="0" type="stmt"/>
      <line num="19" count="1" type="stmt"/>
      <line num="20" count="2" type="cond" truecount="1" falsecount="1"/>
      <line num="21" count="0" type="stmt"/>
      <line num="23" count="1" type="stmt"/>
    </file>
    <file name="validacaoSenhaCandidato.js" path="C:\Users\mmath\OneDrive\Documentos\projetoErnest\src\businessRoles\validacaoSenhaCandidato.js">
      <metrics statements="9" coveredstatements="5" conditionals="10" coveredconditionals="5" methods="1" coveredmethods="1"/>
      <line num="3" count="1" type="cond" truecount="1" falsecount="1"/>
      <line num="4" count="0" type="stmt"/>
      <line num="8" count="1" type="cond" truecount="1" falsecount="1"/>
      <line num="9" count="0" type="stmt"/>
      <line num="13" count="1" type="cond" truecount="2" falsecount="2"/>
      <line num="14" count="0" type="stmt"/>
      <line num="18" count="1" type="cond" truecount="1" falsecount="1"/>
      <line num="19" count="0" type="stmt"/>
      <line num="23" count="1" type="stmt"/>
    </file>
    <file name="validacaoSenhaEmpresa.js" path="C:\Users\mmath\OneDrive\Documentos\projetoErnest\src\businessRoles\validacaoSenhaEmpresa.js">
      <metrics statements="9" coveredstatements="5" conditionals="10" coveredconditionals="5" methods="1" coveredmethods="1"/>
      <line num="3" count="1" type="cond" truecount="1" falsecount="1"/>
      <line num="4" count="0" type="stmt"/>
      <line num="8" count="1" type="cond" truecount="1" falsecount="1"/>
      <line num="9" count="0" type="stmt"/>
      <line num="13" count="1" type="cond" truecount="2" falsecount="2"/>
      <line num="14" count="0" type="stmt"/>
      <line num="18" count="1" type="cond" truecount="1" falsecount="1"/>
      <line num="19" count="0" type="stmt"/>
      <line num="23" count="1" type="stmt"/>
    </file>
    <file name="validacaoTelefone.js" path="C:\Users\mmath\OneDrive\Documentos\projetoErnest\src\businessRoles\validacaoTelefone.js">
      <metrics statements="13" coveredstatements="9" conditionals="12" coveredconditionals="6" methods="1" coveredmethods="1"/>
      <line num="3" count="1" type="stmt"/>
      <line num="6" count="1" type="cond" truecount="2" falsecount="2"/>
      <line num="8" count="1" type="cond" truecount="2" falsecount="2"/>
      <line num="9" count="0" type="stmt"/>
      <line num="13" count="1" type="stmt"/>
      <line num="14" count="1" type="stmt"/>
      <line num="15" count="1" type="cond" truecount="1" falsecount="1"/>
      <line num="16" count="0" type="stmt"/>
      <line num="20" count="1" type="stmt"/>
      <line num="21" count="1" type="cond" truecount="1" falsecount="1"/>
      <line num="22" count="0" type="stmt"/>
      <line num="25" count="1" type="stmt"/>
      <line num="28" count="0" type="stmt"/>
    </file>
  </project>
</coverage>
