{"C:\\Users\\mmath\\OneDrive\\Documentos\\projetoErnest\\src\\businessRoles\\validacaoCPF.js": {"path":"C:\\Users\\mmath\\OneDrive\\Documentos\\projetoErnest\\src\\businessRoles\\validacaoCPF.js","statementMap":{"0":{"start":{"line":3,"column":2},"end":{"line":3,"column":31}},"1":{"start":{"line":6,"column":2},"end":{"line":8,"column":3}},"2":{"start":{"line":7,"column":4},"end":{"line":7,"column":17}},"3":{"start":{"line":11,"column":17},"end":{"line":11,"column":39}},"4":{"start":{"line":12,"column":17},"end":{"line":12,"column":40}},"5":{"start":{"line":14,"column":2},"end":{"line":14,"column":69}},"6":{"start":{"line":18,"column":12},"end":{"line":18,"column":13}},"7":{"start":{"line":20,"column":2},"end":{"line":22,"column":3}},"8":{"start":{"line":20,"column":15},"end":{"line":20,"column":16}},"9":{"start":{"line":21,"column":4},"end":{"line":21,"column":53}},"10":{"start":{"line":24,"column":20},"end":{"line":24,"column":35}},"11":{"start":{"line":25,"column":2},"end":{"line":25,"column":62}}},"fnMap":{"0":{"name":"validateCPF","decl":{"start":{"line":1,"column":9},"end":{"line":1,"column":20}},"loc":{"start":{"line":1,"column":26},"end":{"line":15,"column":1}},"line":1},"1":{"name":"calculateDigit","decl":{"start":{"line":17,"column":9},"end":{"line":17,"column":23}},"loc":{"start":{"line":17,"column":39},"end":{"line":26,"column":1}},"line":17}},"branchMap":{"0":{"loc":{"start":{"line":6,"column":2},"end":{"line":8,"column":3}},"type":"if","locations":[{"start":{"line":6,"column":2},"end":{"line":8,"column":3}},{"start":{},"end":{}}],"line":6},"1":{"loc":{"start":{"line":6,"column":6},"end":{"line":6,"column":51}},"type":"binary-expr","locations":[{"start":{"line":6,"column":6},"end":{"line":6,"column":23}},{"start":{"line":6,"column":27},"end":{"line":6,"column":51}}],"line":6},"2":{"loc":{"start":{"line":14,"column":9},"end":{"line":14,"column":68}},"type":"binary-expr","locations":[{"start":{"line":14,"column":9},"end":{"line":14,"column":36}},{"start":{"line":14,"column":40},"end":{"line":14,"column":68}}],"line":14},"3":{"loc":{"start":{"line":25,"column":9},"end":{"line":25,"column":61}},"type":"cond-expr","locations":[{"start":{"line":25,"column":48},"end":{"line":25,"column":49}},{"start":{"line":25,"column":52},"end":{"line":25,"column":61}}],"line":25},"4":{"loc":{"start":{"line":25,"column":9},"end":{"line":25,"column":45}},"type":"binary-expr","locations":[{"start":{"line":25,"column":9},"end":{"line":25,"column":25}},{"start":{"line":25,"column":29},"end":{"line":25,"column":45}}],"line":25}},"s":{"0":1,"1":1,"2":0,"3":1,"4":1,"5":1,"6":2,"7":2,"8":2,"9":19,"10":2,"11":2},"f":{"0":1,"1":2},"b":{"0":[0,1],"1":[1,1],"2":[1,0],"3":[0,2],"4":[2,2]},"_coverageSchema":"1a1c01bbd47fc00a2c39e90264f33305004495a9","hash":"debbf8dc21dc0948ee88c47f7f26f4177fc64fc0"}
,"C:\\Users\\mmath\\OneDrive\\Documentos\\projetoErnest\\src\\businessRoles\\validacaoEmail.js": {"path":"C:\\Users\\mmath\\OneDrive\\Documentos\\projetoErnest\\src\\businessRoles\\validacaoEmail.js","statementMap":{"0":{"start":{"line":1,"column":17},"end":{"line":1,"column":145}},"1":{"start":{"line":4,"column":4},"end":{"line":5,"column":21}},"2":{"start":{"line":5,"column":8},"end":{"line":5,"column":21}},"3":{"start":{"line":7,"column":4},"end":{"line":8,"column":21}},"4":{"start":{"line":8,"column":8},"end":{"line":8,"column":21}},"5":{"start":{"line":10,"column":16},"end":{"line":10,"column":38}},"6":{"start":{"line":11,"column":4},"end":{"line":12,"column":21}},"7":{"start":{"line":12,"column":8},"end":{"line":12,"column":21}},"8":{"start":{"line":15,"column":16},"end":{"line":15,"column":32}},"9":{"start":{"line":16,"column":4},"end":{"line":17,"column":21}},"10":{"start":{"line":17,"column":8},"end":{"line":17,"column":21}},"11":{"start":{"line":19,"column":22},"end":{"line":19,"column":41}},"12":{"start":{"line":20,"column":4},"end":{"line":21,"column":21}},"13":{"start":{"line":20,"column":41},"end":{"line":20,"column":63}},"14":{"start":{"line":21,"column":8},"end":{"line":21,"column":21}},"15":{"start":{"line":23,"column":4},"end":{"line":23,"column":16}}},"fnMap":{"0":{"name":"isEmailValid","decl":{"start":{"line":3,"column":9},"end":{"line":3,"column":21}},"loc":{"start":{"line":3,"column":29},"end":{"line":24,"column":1}},"line":3},"1":{"name":"(anonymous_1)","decl":{"start":{"line":20,"column":24},"end":{"line":20,"column":25}},"loc":{"start":{"line":20,"column":39},"end":{"line":20,"column":65}},"line":20}},"branchMap":{"0":{"loc":{"start":{"line":4,"column":4},"end":{"line":5,"column":21}},"type":"if","locations":[{"start":{"line":4,"column":4},"end":{"line":5,"column":21}},{"start":{},"end":{}}],"line":4},"1":{"loc":{"start":{"line":7,"column":4},"end":{"line":8,"column":21}},"type":"if","locations":[{"start":{"line":7,"column":4},"end":{"line":8,"column":21}},{"start":{},"end":{}}],"line":7},"2":{"loc":{"start":{"line":11,"column":4},"end":{"line":12,"column":21}},"type":"if","locations":[{"start":{"line":11,"column":4},"end":{"line":12,"column":21}},{"start":{},"end":{}}],"line":11},"3":{"loc":{"start":{"line":16,"column":4},"end":{"line":17,"column":21}},"type":"if","locations":[{"start":{"line":16,"column":4},"end":{"line":17,"column":21}},{"start":{},"end":{}}],"line":16},"4":{"loc":{"start":{"line":20,"column":4},"end":{"line":21,"column":21}},"type":"if","locations":[{"start":{"line":20,"column":4},"end":{"line":21,"column":21}},{"start":{},"end":{}}],"line":20}},"s":{"0":1,"1":1,"2":0,"3":1,"4":0,"5":1,"6":1,"7":0,"8":1,"9":1,"10":0,"11":1,"12":1,"13":2,"14":0,"15":1},"f":{"0":1,"1":2},"b":{"0":[0,1],"1":[0,1],"2":[0,1],"3":[0,1],"4":[0,1]},"_coverageSchema":"1a1c01bbd47fc00a2c39e90264f33305004495a9","hash":"ef46aa018c34e19a85c1eb86ca77f53223f85780"}
,"C:\\Users\\mmath\\OneDrive\\Documentos\\projetoErnest\\src\\businessRoles\\validacaoSenhaCandidato.js": {"path":"C:\\Users\\mmath\\OneDrive\\Documentos\\projetoErnest\\src\\businessRoles\\validacaoSenhaCandidato.js","statementMap":{"0":{"start":{"line":3,"column":2},"end":{"line":5,"column":3}},"1":{"start":{"line":4,"column":6},"end":{"line":4,"column":19}},"2":{"start":{"line":8,"column":2},"end":{"line":10,"column":3}},"3":{"start":{"line":9,"column":6},"end":{"line":9,"column":19}},"4":{"start":{"line":13,"column":2},"end":{"line":15,"column":3}},"5":{"start":{"line":14,"column":6},"end":{"line":14,"column":19}},"6":{"start":{"line":18,"column":2},"end":{"line":20,"column":3}},"7":{"start":{"line":19,"column":6},"end":{"line":19,"column":19}},"8":{"start":{"line":23,"column":2},"end":{"line":23,"column":14}}},"fnMap":{"0":{"name":"validarSenha","decl":{"start":{"line":1,"column":9},"end":{"line":1,"column":21}},"loc":{"start":{"line":1,"column":29},"end":{"line":24,"column":1}},"line":1}},"branchMap":{"0":{"loc":{"start":{"line":3,"column":2},"end":{"line":5,"column":3}},"type":"if","locations":[{"start":{"line":3,"column":2},"end":{"line":5,"column":3}},{"start":{},"end":{}}],"line":3},"1":{"loc":{"start":{"line":8,"column":2},"end":{"line":10,"column":3}},"type":"if","locations":[{"start":{"line":8,"column":2},"end":{"line":10,"column":3}},{"start":{},"end":{}}],"line":8},"2":{"loc":{"start":{"line":13,"column":2},"end":{"line":15,"column":3}},"type":"if","locations":[{"start":{"line":13,"column":2},"end":{"line":15,"column":3}},{"start":{},"end":{}}],"line":13},"3":{"loc":{"start":{"line":13,"column":7},"end":{"line":13,"column":31}},"type":"binary-expr","locations":[{"start":{"line":13,"column":7},"end":{"line":13,"column":25}},{"start":{"line":13,"column":29},"end":{"line":13,"column":31}}],"line":13},"4":{"loc":{"start":{"line":18,"column":2},"end":{"line":20,"column":3}},"type":"if","locations":[{"start":{"line":18,"column":2},"end":{"line":20,"column":3}},{"start":{},"end":{}}],"line":18}},"s":{"0":1,"1":0,"2":1,"3":0,"4":1,"5":0,"6":1,"7":0,"8":1},"f":{"0":1},"b":{"0":[0,1],"1":[0,1],"2":[0,1],"3":[1,0],"4":[0,1]},"_coverageSchema":"1a1c01bbd47fc00a2c39e90264f33305004495a9","hash":"e02227b8bac3e08a3331a0253bfa9fd47e9620c0"}
,"C:\\Users\\mmath\\OneDrive\\Documentos\\projetoErnest\\src\\businessRoles\\validacaoSenhaEmpresa.js": {"path":"C:\\Users\\mmath\\OneDrive\\Documentos\\projetoErnest\\src\\businessRoles\\validacaoSenhaEmpresa.js","statementMap":{"0":{"start":{"line":3,"column":2},"end":{"line":5,"column":3}},"1":{"start":{"line":4,"column":6},"end":{"line":4,"column":19}},"2":{"start":{"line":8,"column":2},"end":{"line":10,"column":3}},"3":{"start":{"line":9,"column":6},"end":{"line":9,"column":19}},"4":{"start":{"line":13,"column":2},"end":{"line":15,"column":3}},"5":{"start":{"line":14,"column":6},"end":{"line":14,"column":19}},"6":{"start":{"line":18,"column":2},"end":{"line":20,"column":3}},"7":{"start":{"line":19,"column":6},"end":{"line":19,"column":19}},"8":{"start":{"line":23,"column":2},"end":{"line":23,"column":14}}},"fnMap":{"0":{"name":"validarSenha","decl":{"start":{"line":1,"column":9},"end":{"line":1,"column":21}},"loc":{"start":{"line":1,"column":29},"end":{"line":24,"column":1}},"line":1}},"branchMap":{"0":{"loc":{"start":{"line":3,"column":2},"end":{"line":5,"column":3}},"type":"if","locations":[{"start":{"line":3,"column":2},"end":{"line":5,"column":3}},{"start":{},"end":{}}],"line":3},"1":{"loc":{"start":{"line":8,"column":2},"end":{"line":10,"column":3}},"type":"if","locations":[{"start":{"line":8,"column":2},"end":{"line":10,"column":3}},{"start":{},"end":{}}],"line":8},"2":{"loc":{"start":{"line":13,"column":2},"end":{"line":15,"column":3}},"type":"if","locations":[{"start":{"line":13,"column":2},"end":{"line":15,"column":3}},{"start":{},"end":{}}],"line":13},"3":{"loc":{"start":{"line":13,"column":7},"end":{"line":13,"column":31}},"type":"binary-expr","locations":[{"start":{"line":13,"column":7},"end":{"line":13,"column":25}},{"start":{"line":13,"column":29},"end":{"line":13,"column":31}}],"line":13},"4":{"loc":{"start":{"line":18,"column":2},"end":{"line":20,"column":3}},"type":"if","locations":[{"start":{"line":18,"column":2},"end":{"line":20,"column":3}},{"start":{},"end":{}}],"line":18}},"s":{"0":1,"1":0,"2":1,"3":0,"4":1,"5":0,"6":1,"7":0,"8":1},"f":{"0":1},"b":{"0":[0,1],"1":[0,1],"2":[0,1],"3":[1,0],"4":[0,1]},"_coverageSchema":"1a1c01bbd47fc00a2c39e90264f33305004495a9","hash":"af9f09e165326e99984166122ddda5cea2c427c8"}
,"C:\\Users\\mmath\\OneDrive\\Documentos\\projetoErnest\\src\\businessRoles\\validacaoTelefone.js": {"path":"C:\\Users\\mmath\\OneDrive\\Documentos\\projetoErnest\\src\\businessRoles\\validacaoTelefone.js","statementMap":{"0":{"start":{"line":3,"column":26},"end":{"line":3,"column":56}},"1":{"start":{"line":6,"column":4},"end":{"line":26,"column":5}},"2":{"start":{"line":8,"column":6},"end":{"line":10,"column":7}},"3":{"start":{"line":9,"column":8},"end":{"line":9,"column":21}},"4":{"start":{"line":13,"column":18},"end":{"line":13,"column":47}},"5":{"start":{"line":14,"column":24},"end":{"line":14,"column":426}},"6":{"start":{"line":15,"column":6},"end":{"line":17,"column":7}},"7":{"start":{"line":16,"column":8},"end":{"line":16,"column":21}},"8":{"start":{"line":20,"column":30},"end":{"line":20,"column":56}},"9":{"start":{"line":21,"column":6},"end":{"line":23,"column":7}},"10":{"start":{"line":22,"column":8},"end":{"line":22,"column":21}},"11":{"start":{"line":25,"column":6},"end":{"line":25,"column":18}},"12":{"start":{"line":28,"column":4},"end":{"line":28,"column":17}}},"fnMap":{"0":{"name":"validatePhoneNumber","decl":{"start":{"line":1,"column":9},"end":{"line":1,"column":28}},"loc":{"start":{"line":1,"column":42},"end":{"line":29,"column":1}},"line":1}},"branchMap":{"0":{"loc":{"start":{"line":6,"column":4},"end":{"line":26,"column":5}},"type":"if","locations":[{"start":{"line":6,"column":4},"end":{"line":26,"column":5}},{"start":{},"end":{}}],"line":6},"1":{"loc":{"start":{"line":6,"column":8},"end":{"line":6,"column":66}},"type":"binary-expr","locations":[{"start":{"line":6,"column":8},"end":{"line":6,"column":35}},{"start":{"line":6,"column":39},"end":{"line":6,"column":66}}],"line":6},"2":{"loc":{"start":{"line":8,"column":6},"end":{"line":10,"column":7}},"type":"if","locations":[{"start":{"line":8,"column":6},"end":{"line":10,"column":7}},{"start":{},"end":{}}],"line":8},"3":{"loc":{"start":{"line":8,"column":10},"end":{"line":8,"column":72}},"type":"binary-expr","locations":[{"start":{"line":8,"column":10},"end":{"line":8,"column":37}},{"start":{"line":8,"column":41},"end":{"line":8,"column":72}}],"line":8},"4":{"loc":{"start":{"line":15,"column":6},"end":{"line":17,"column":7}},"type":"if","locations":[{"start":{"line":15,"column":6},"end":{"line":17,"column":7}},{"start":{},"end":{}}],"line":15},"5":{"loc":{"start":{"line":21,"column":6},"end":{"line":23,"column":7}},"type":"if","locations":[{"start":{"line":21,"column":6},"end":{"line":23,"column":7}},{"start":{},"end":{}}],"line":21}},"s":{"0":1,"1":1,"2":1,"3":0,"4":1,"5":1,"6":1,"7":0,"8":1,"9":1,"10":0,"11":1,"12":0},"f":{"0":1},"b":{"0":[1,0],"1":[1,0],"2":[0,1],"3":[1,0],"4":[0,1],"5":[0,1]},"_coverageSchema":"1a1c01bbd47fc00a2c39e90264f33305004495a9","hash":"0c4638d69171bb63e55f5b9eb186bc58fadd473e"}
}
