TN:
SF:src\businessRoles\validacaoCPF.js
FN:1,validateCPF
FN:17,calculateDigit
FNF:2
FNH:2
FNDA:1,validateCPF
FNDA:2,calculateDigit
DA:3,1
DA:6,1
DA:7,0
DA:11,1
DA:12,1
DA:14,1
DA:18,2
DA:20,2
DA:21,19
DA:24,2
DA:25,2
LF:11
LH:10
BRDA:6,0,0,0
BRDA:6,0,1,1
BRDA:6,1,0,1
BRDA:6,1,1,1
BRDA:14,2,0,1
BRDA:14,2,1,0
BRDA:25,3,0,0
BRDA:25,3,1,2
BRDA:25,4,0,2
BRDA:25,4,1,2
BRF:10
BRH:7
end_of_record
TN:
SF:src\businessRoles\validacaoEmail.js
FN:3,isEmailValid
FN:20,(anonymous_1)
FNF:2
FNH:2
FNDA:1,isEmailValid
FNDA:2,(anonymous_1)
DA:1,1
DA:4,1
DA:5,0
DA:7,1
DA:8,0
DA:10,1
DA:11,1
DA:12,0
DA:15,1
DA:16,1
DA:17,0
DA:19,1
DA:20,2
DA:21,0
DA:23,1
LF:15
LH:10
BRDA:4,0,0,0
BRDA:4,0,1,1
BRDA:7,1,0,0
BRDA:7,1,1,1
BRDA:11,2,0,0
BRDA:11,2,1,1
BRDA:16,3,0,0
BRDA:16,3,1,1
BRDA:20,4,0,0
BRDA:20,4,1,1
BRF:10
BRH:5
end_of_record
TN:
SF:src\businessRoles\validacaoSenhaCandidato.js
FN:1,validarSenha
FNF:1
FNH:1
FNDA:1,validarSenha
DA:3,1
DA:4,0
DA:8,1
DA:9,0
DA:13,1
DA:14,0
DA:18,1
DA:19,0
DA:23,1
LF:9
LH:5
BRDA:3,0,0,0
BRDA:3,0,1,1
BRDA:8,1,0,0
BRDA:8,1,1,1
BRDA:13,2,0,0
BRDA:13,2,1,1
BRDA:13,3,0,1
BRDA:13,3,1,0
BRDA:18,4,0,0
BRDA:18,4,1,1
BRF:10
BRH:5
end_of_record
TN:
SF:src\businessRoles\validacaoSenhaEmpresa.js
FN:1,validarSenha
FNF:1
FNH:1
FNDA:1,validarSenha
DA:3,1
DA:4,0
DA:8,1
DA:9,0
DA:13,1
DA:14,0
DA:18,1
DA:19,0
DA:23,1
LF:9
LH:5
BRDA:3,0,0,0
BRDA:3,0,1,1
BRDA:8,1,0,0
BRDA:8,1,1,1
BRDA:13,2,0,0
BRDA:13,2,1,1
BRDA:13,3,0,1
BRDA:13,3,1,0
BRDA:18,4,0,0
BRDA:18,4,1,1
BRF:10
BRH:5
end_of_record
TN:
SF:src\businessRoles\validacaoTelefone.js
FN:1,validatePhoneNumber
FNF:1
FNH:1
FNDA:1,validatePhoneNumber
DA:3,1
DA:6,1
DA:8,1
DA:9,0
DA:13,1
DA:14,1
DA:15,1
DA:16,0
DA:20,1
DA:21,1
DA:22,0
DA:25,1
DA:28,0
LF:13
LH:9
BRDA:6,0,0,1
BRDA:6,0,1,0
BRDA:6,1,0,1
BRDA:6,1,1,0
BRDA:8,2,0,0
BRDA:8,2,1,1
BRDA:8,3,0,1
BRDA:8,3,1,0
BRDA:15,4,0,0
BRDA:15,4,1,1
BRDA:21,5,0,0
BRDA:21,5,1,1
BRF:12
BRH:6
end_of_record
